2022-06-07 23:19:32 | testRehash1: executed 1 trials in 331 ms [failed : java.lang.AssertionError]
2022-06-07 23:19:32 | testRehash2: executed 1 trials in 8 ms [failed : java.lang.AssertionError]
2022-06-07 23:19:33 | testWaitFor1: executed 100 trials in 346 ms [passed]
2022-06-07 23:19:33 | testWaitFor2: executed 100 trials in 453 ms [passed]
2022-06-07 23:19:33 | testWaitFor3: executed 100 trials in 369 ms [passed]
